<?xml version="1.0" encoding="UTF-8"?>
<!-- Generated by org.testng.reporters.JUnitXMLReporter -->
<testsuite hostname="keshav-kashyap" name="Test" tests="4" failures="0" timestamp="14 Jul 2017 20:20:39 GMT" time="388.798" errors="0">
  <testcase name="verifyCommentInputTest" time="350.179" classname="com.yourcompany.Tests.SampleTest"/>
  <testcase name="verifyCommentInputTest" time="363.772" classname="com.yourcompany.Tests.SampleTest"/>
  <testcase name="verifyCommentInputTest" time="386.833" classname="com.yourcompany.Tests.SampleTest"/>
  <testcase name="verifyCommentInputTest" time="387.664" classname="com.yourcompany.Tests.SampleTest"/>
</testsuite> <!-- Test -->
